<?xml version="1.0" encoding="UTF-8"?>
<!-- Generated by org.testng.reporters.JUnitReportReporter -->
<testsuite hostname="PC-20180918EPWD" name="hu.hello" tests="1" failures="0" timestamp="20 Mar 2019 01:00:37 GMT" time="0.228" errors="0">
  <testcase name="login" time="0.228" classname="hu.hello"/>
</testsuite> <!-- hu.hello -->
